<?xml version="1.0" encoding="UTF-8"?>
<!-- Generated by org.testng.reporters.JUnitXMLReporter -->
<testsuite ignored="0" hostname="LNGRDUL-7005376" failures="0" tests="3" name="Default test" time="27.849" errors="0" timestamp="16 Sep 2018 13:35:59 GMT">
  <testcase classname="Testcases.SoftwareLicenceDetails" name="testMozilla" time="0.396"/>
  <testcase classname="Testcases.SoftwareLicenceDetails" name="testApache" time="0.378"/>
  <testcase classname="Testcases.SoftwareLicenceDetails" name="testMIT" time="0.357"/>
</testsuite> <!-- Default test -->
