<?xml version="1.0" encoding="UTF-8"?>
<testng-results ignored="0" total="1" passed="1" failed="0" skipped="0">
  <reporter-output>
  </reporter-output>
  <suite started-at="2018-09-17T16:57:40Z" name="Formatting Result CC Test Suite" finished-at="2018-09-17T16:57:54Z" duration-ms="13582">
    <groups>
    </groups>
    <test started-at="2018-09-17T16:57:40Z" name="FormattingResultCC" finished-at="2018-09-17T16:57:54Z" duration-ms="13582">
      <class name="Testcases.Test1">
        <test-method is-config="true" signature="setUp()[pri:0, instance:Testcases.Test1@49e5f737]" started-at="2018-09-17T17:57:40Z" name="setUp" finished-at="2018-09-17T17:57:46Z" duration-ms="5781" status="PASS">
          <reporter-output>
          </reporter-output>
        </test-method> <!-- setUp -->
        <test-method signature="testWeb()[pri:0, instance:Testcases.Test1@49e5f737]" started-at="2018-09-17T17:57:46Z" name="testWeb" finished-at="2018-09-17T17:57:53Z" duration-ms="6862" status="PASS">
          <reporter-output>
          </reporter-output>
        </test-method> <!-- testWeb -->
        <test-method is-config="true" signature="tearDown()[pri:0, instance:Testcases.Test1@49e5f737]" started-at="2018-09-17T17:57:53Z" name="tearDown" finished-at="2018-09-17T17:57:54Z" duration-ms="924" status="PASS">
          <reporter-output>
          </reporter-output>
        </test-method> <!-- tearDown -->
      </class> <!-- Testcases.Test1 -->
    </test> <!-- FormattingResultCC -->
  </suite> <!-- Formatting Result CC Test Suite -->
</testng-results>
